dcrnn_train.py:15: YAMLLoadWarning: calling yaml.load() without Loader=... is deprecated, as the default Loader is unsafe. Please read https://msg.pyyaml.org/load for full details.
  supervisor_config = yaml.load(f)
2019-07-18 09:28:07.514708: I tensorflow/core/platform/cpu_feature_guard.cc:141] Your CPU supports instructions that this TensorFlow binary was not compiled to use: AVX2 FMA
2019-07-18 09:28:07.939620: I tensorflow/core/common_runtime/gpu/gpu_device.cc:1432] Found device 0 with properties: 
name: Tesla V100-PCIE-32GB major: 7 minor: 0 memoryClockRate(GHz): 1.38
pciBusID: 0000:02:00.0
totalMemory: 31.72GiB freeMemory: 31.31GiB
2019-07-18 09:28:07.939662: I tensorflow/core/common_runtime/gpu/gpu_device.cc:1511] Adding visible gpu devices: 0
2019-07-18 09:28:08.288155: I tensorflow/core/common_runtime/gpu/gpu_device.cc:982] Device interconnect StreamExecutor with strength 1 edge matrix:
2019-07-18 09:28:08.288205: I tensorflow/core/common_runtime/gpu/gpu_device.cc:988]      0 
2019-07-18 09:28:08.288213: I tensorflow/core/common_runtime/gpu/gpu_device.cc:1001] 0:   N 
2019-07-18 09:28:08.288750: I tensorflow/core/common_runtime/gpu/gpu_device.cc:1115] Created TensorFlow device (/job:localhost/replica:0/task:0/device:GPU:0 with 30378 MB memory) -> physical GPU (device: 0, name: Tesla V100-PCIE-32GB, pci bus id: 0000:02:00.0, compute capability: 7.0)
2019-07-18 09:28:08,294 - INFO - Log directory: data/model/dcrnn_DR_2_h_12_64-64_lr_0.01_bs_64_0718092808/
2019-07-18 09:28:08,296 - INFO - {'base_dir': 'data/model', 'data': {'test_batch_size': 64, 'val_batch_size': 64, 'dataset_dir': 'data/METR-LA', 'batch_size': 64, 'graph_pkl_filename': 'data/sensor_graph/adj_mx.pkl'}, 'model': {'use_curriculum_learning': True, 'filter_type': 'dual_random_walk', 'seq_len': 12, 'rnn_units': 64, 'input_dim': 2, 'output_dim': 1, 'max_diffusion_step': 2, 'l1_decay': 0, 'horizon': 12, 'num_rnn_layers': 2, 'cl_decay_steps': 2000, 'num_nodes': 207}, 'train': {'max_to_keep': 100, 'global_step': 0, 'epoch': 0, 'min_learning_rate': 2e-06, 'epsilon': 0.001, 'optimizer': 'adam', 'dropout': 0, 'lr_decay_ratio': 0.1, 'patience': 50, 'epochs': 100, 'steps': [20, 30, 40, 50], 'max_grad_norm': 5, 'base_lr': 0.01, 'test_every_n_epochs': 10}, 'log_level': 'INFO'}
2019-07-18 09:28:22,316 - INFO - ('y_train', (23974, 12, 207, 2))
2019-07-18 09:28:22,317 - INFO - ('y_test', (6850, 12, 207, 2))
2019-07-18 09:28:22,317 - INFO - ('x_test', (6850, 12, 207, 2))
2019-07-18 09:28:22,317 - INFO - ('x_val', (3425, 12, 207, 2))
2019-07-18 09:28:22,317 - INFO - ('y_val', (3425, 12, 207, 2))
2019-07-18 09:28:22,317 - INFO - ('x_train', (23974, 12, 207, 2))
WARNING:tensorflow:At least two cells provided to MultiRNNCell are the same object and will share weights.
2019-07-18 09:28:40,635 - INFO - Total number of trainable parameters: 372352
2019-07-18 09:28:41,570 - INFO - Start training ...
2019-07-18 09:30:39,440 - INFO - Epoch [0/100] (375) train_mae: 2.7322, val_mae: 4.0684 lr:0.010000 117.7s
2019-07-18 09:30:39,650 - INFO - Val loss decrease from inf to 4.0684, saving to data/model/dcrnn_DR_2_h_12_64-64_lr_0.01_bs_64_0718092808/models-4.0684-375
2019-07-18 09:32:33,521 - INFO - Epoch [1/100] (750) train_mae: 2.3371, val_mae: 3.3639 lr:0.010000 113.9s
2019-07-18 09:32:33,545 - INFO - Val loss decrease from 4.0684 to 3.3639, saving to data/model/dcrnn_DR_2_h_12_64-64_lr_0.01_bs_64_0718092808/models-3.3639-750
2019-07-18 09:34:28,056 - INFO - Epoch [2/100] (1125) train_mae: 2.2627, val_mae: 3.1726 lr:0.010000 114.5s
2019-07-18 09:34:28,083 - INFO - Val loss decrease from 3.3639 to 3.1726, saving to data/model/dcrnn_DR_2_h_12_64-64_lr_0.01_bs_64_0718092808/models-3.1726-1125
2019-07-18 09:36:22,909 - INFO - Epoch [3/100] (1500) train_mae: 2.2055, val_mae: 3.0949 lr:0.010000 114.8s
2019-07-18 09:36:22,938 - INFO - Val loss decrease from 3.1726 to 3.0949, saving to data/model/dcrnn_DR_2_h_12_64-64_lr_0.01_bs_64_0718092808/models-3.0949-1500
2019-07-18 09:38:17,523 - INFO - Epoch [4/100] (1875) train_mae: 2.1681, val_mae: 3.0855 lr:0.010000 114.6s
2019-07-18 09:38:17,543 - INFO - Val loss decrease from 3.0949 to 3.0855, saving to data/model/dcrnn_DR_2_h_12_64-64_lr_0.01_bs_64_0718092808/models-3.0855-1875
2019-07-18 09:40:12,180 - INFO - Epoch [5/100] (2250) train_mae: 2.1398, val_mae: 2.9944 lr:0.010000 114.6s
2019-07-18 09:40:12,205 - INFO - Val loss decrease from 3.0855 to 2.9944, saving to data/model/dcrnn_DR_2_h_12_64-64_lr_0.01_bs_64_0718092808/models-2.9944-2250
2019-07-18 09:42:07,290 - INFO - Epoch [6/100] (2625) train_mae: 2.1179, val_mae: 2.9632 lr:0.010000 115.1s
2019-07-18 09:42:07,314 - INFO - Val loss decrease from 2.9944 to 2.9632, saving to data/model/dcrnn_DR_2_h_12_64-64_lr_0.01_bs_64_0718092808/models-2.9632-2625
2019-07-18 09:44:01,923 - INFO - Epoch [7/100] (3000) train_mae: 2.1007, val_mae: 3.0470 lr:0.010000 114.6s
2019-07-18 09:45:56,560 - INFO - Epoch [8/100] (3375) train_mae: 2.0845, val_mae: 2.9118 lr:0.010000 114.6s
2019-07-18 09:45:56,586 - INFO - Val loss decrease from 2.9632 to 2.9118, saving to data/model/dcrnn_DR_2_h_12_64-64_lr_0.01_bs_64_0718092808/models-2.9118-3375
2019-07-18 09:47:51,092 - INFO - Epoch [9/100] (3750) train_mae: 2.0709, val_mae: 2.8591 lr:0.010000 114.5s
2019-07-18 09:48:07,756 - INFO - Horizon 01, MAE: 2.23, MAPE: 0.0532, RMSE: 3.84
2019-07-18 09:48:07,832 - INFO - Horizon 02, MAE: 2.52, MAPE: 0.0628, RMSE: 4.71
2019-07-18 09:48:07,901 - INFO - Horizon 03, MAE: 2.73, MAPE: 0.0705, RMSE: 5.33
2019-07-18 09:48:07,967 - INFO - Horizon 04, MAE: 2.91, MAPE: 0.0773, RMSE: 5.83
2019-07-18 09:48:08,034 - INFO - Horizon 05, MAE: 3.07, MAPE: 0.0835, RMSE: 6.25
2019-07-18 09:48:08,101 - INFO - Horizon 06, MAE: 3.21, MAPE: 0.0892, RMSE: 6.62
2019-07-18 09:48:08,168 - INFO - Horizon 07, MAE: 3.33, MAPE: 0.0946, RMSE: 6.96
2019-07-18 09:48:08,235 - INFO - Horizon 08, MAE: 3.45, MAPE: 0.0996, RMSE: 7.25
2019-07-18 09:48:08,302 - INFO - Horizon 09, MAE: 3.56, MAPE: 0.1044, RMSE: 7.53
2019-07-18 09:48:08,369 - INFO - Horizon 10, MAE: 3.66, MAPE: 0.1089, RMSE: 7.77
2019-07-18 09:48:08,435 - INFO - Horizon 11, MAE: 3.76, MAPE: 0.1131, RMSE: 8.00
2019-07-18 09:48:08,498 - INFO - Horizon 12, MAE: 3.85, MAPE: 0.1172, RMSE: 8.22
2019-07-18 09:48:08,530 - INFO - Val loss decrease from 2.9118 to 2.8591, saving to data/model/dcrnn_DR_2_h_12_64-64_lr_0.01_bs_64_0718092808/models-2.8591-3750
2019-07-18 09:50:03,737 - INFO - Epoch [10/100] (4125) train_mae: 2.0573, val_mae: 2.8426 lr:0.010000 115.2s
2019-07-18 09:50:03,764 - INFO - Val loss decrease from 2.8591 to 2.8426, saving to data/model/dcrnn_DR_2_h_12_64-64_lr_0.01_bs_64_0718092808/models-2.8426-4125
2019-07-18 09:51:58,752 - INFO - Epoch [11/100] (4500) train_mae: 2.0468, val_mae: 2.9295 lr:0.010000 115.0s
2019-07-18 09:53:53,665 - INFO - Epoch [12/100] (4875) train_mae: 2.0405, val_mae: 2.8606 lr:0.010000 114.9s
2019-07-18 09:55:47,982 - INFO - Epoch [13/100] (5250) train_mae: 2.0299, val_mae: 2.8361 lr:0.010000 114.3s
2019-07-18 09:55:48,006 - INFO - Val loss decrease from 2.8426 to 2.8361, saving to data/model/dcrnn_DR_2_h_12_64-64_lr_0.01_bs_64_0718092808/models-2.8361-5250
2019-07-18 09:57:42,452 - INFO - Epoch [14/100] (5625) train_mae: 2.0224, val_mae: 2.8634 lr:0.010000 114.4s
2019-07-18 09:59:37,392 - INFO - Epoch [15/100] (6000) train_mae: 2.0185, val_mae: 2.8622 lr:0.010000 114.9s
2019-07-18 10:01:32,122 - INFO - Epoch [16/100] (6375) train_mae: 2.0097, val_mae: 2.8557 lr:0.010000 114.7s
2019-07-18 10:03:26,847 - INFO - Epoch [17/100] (6750) train_mae: 2.0058, val_mae: 2.8568 lr:0.010000 114.7s
2019-07-18 10:05:21,706 - INFO - Epoch [18/100] (7125) train_mae: 2.0016, val_mae: 2.8611 lr:0.010000 114.9s
2019-07-18 10:07:16,294 - INFO - Epoch [19/100] (7500) train_mae: 1.9977, val_mae: 2.8673 lr:0.010000 114.6s
2019-07-18 10:07:33,177 - INFO - Horizon 01, MAE: 2.20, MAPE: 0.0522, RMSE: 3.83
2019-07-18 10:07:33,252 - INFO - Horizon 02, MAE: 2.52, MAPE: 0.0619, RMSE: 4.74
2019-07-18 10:07:33,320 - INFO - Horizon 03, MAE: 2.73, MAPE: 0.0693, RMSE: 5.37
2019-07-18 10:07:33,386 - INFO - Horizon 04, MAE: 2.91, MAPE: 0.0754, RMSE: 5.88
2019-07-18 10:07:33,452 - INFO - Horizon 05, MAE: 3.06, MAPE: 0.0806, RMSE: 6.30
2019-07-18 10:07:33,517 - INFO - Horizon 06, MAE: 3.20, MAPE: 0.0852, RMSE: 6.65
2019-07-18 10:07:33,584 - INFO - Horizon 07, MAE: 3.32, MAPE: 0.0895, RMSE: 6.97
2019-07-18 10:07:33,649 - INFO - Horizon 08, MAE: 3.44, MAPE: 0.0935, RMSE: 7.26
2019-07-18 10:07:33,715 - INFO - Horizon 09, MAE: 3.55, MAPE: 0.0972, RMSE: 7.53
2019-07-18 10:07:33,781 - INFO - Horizon 10, MAE: 3.65, MAPE: 0.1006, RMSE: 7.77
2019-07-18 10:07:33,846 - INFO - Horizon 11, MAE: 3.76, MAPE: 0.1039, RMSE: 8.00
2019-07-18 10:07:33,908 - INFO - Horizon 12, MAE: 3.86, MAPE: 0.1072, RMSE: 8.22
2019-07-18 10:09:28,948 - INFO - Epoch [20/100] (7875) train_mae: 1.9692, val_mae: 2.8031 lr:0.001000 115.0s
2019-07-18 10:09:28,968 - INFO - Val loss decrease from 2.8361 to 2.8031, saving to data/model/dcrnn_DR_2_h_12_64-64_lr_0.01_bs_64_0718092808/models-2.8031-7875
2019-07-18 10:11:23,822 - INFO - Epoch [21/100] (8250) train_mae: 1.9691, val_mae: 2.8026 lr:0.001000 114.9s
2019-07-18 10:11:23,847 - INFO - Val loss decrease from 2.8031 to 2.8026, saving to data/model/dcrnn_DR_2_h_12_64-64_lr_0.01_bs_64_0718092808/models-2.8026-8250
2019-07-18 10:13:18,559 - INFO - Epoch [22/100] (8625) train_mae: 1.9675, val_mae: 2.8026 lr:0.001000 114.7s
2019-07-18 10:13:18,582 - INFO - Val loss decrease from 2.8026 to 2.8026, saving to data/model/dcrnn_DR_2_h_12_64-64_lr_0.01_bs_64_0718092808/models-2.8026-8625
2019-07-18 10:15:12,820 - INFO - Epoch [23/100] (9000) train_mae: 1.9725, val_mae: 2.8005 lr:0.001000 114.2s
2019-07-18 10:15:12,850 - INFO - Val loss decrease from 2.8026 to 2.8005, saving to data/model/dcrnn_DR_2_h_12_64-64_lr_0.01_bs_64_0718092808/models-2.8005-9000
2019-07-18 10:17:06,870 - INFO - Epoch [24/100] (9375) train_mae: 1.9734, val_mae: 2.8065 lr:0.001000 114.0s
2019-07-18 10:19:01,379 - INFO - Epoch [25/100] (9750) train_mae: 1.9729, val_mae: 2.8097 lr:0.001000 114.5s
2019-07-18 10:20:55,779 - INFO - Epoch [26/100] (10125) train_mae: 1.9753, val_mae: 2.8064 lr:0.001000 114.4s
2019-07-18 10:22:49,891 - INFO - Epoch [27/100] (10500) train_mae: 1.9813, val_mae: 2.7932 lr:0.001000 114.1s
2019-07-18 10:22:49,916 - INFO - Val loss decrease from 2.8005 to 2.7932, saving to data/model/dcrnn_DR_2_h_12_64-64_lr_0.01_bs_64_0718092808/models-2.7932-10500
2019-07-18 10:24:44,627 - INFO - Epoch [28/100] (10875) train_mae: 1.9864, val_mae: 2.7998 lr:0.001000 114.7s
2019-07-18 10:26:39,377 - INFO - Epoch [29/100] (11250) train_mae: 1.9922, val_mae: 2.8064 lr:0.001000 114.7s
2019-07-18 10:26:56,165 - INFO - Horizon 01, MAE: 2.18, MAPE: 0.0518, RMSE: 3.80
2019-07-18 10:26:56,231 - INFO - Horizon 02, MAE: 2.48, MAPE: 0.0615, RMSE: 4.68
2019-07-18 10:26:56,297 - INFO - Horizon 03, MAE: 2.69, MAPE: 0.0687, RMSE: 5.28
2019-07-18 10:26:56,363 - INFO - Horizon 04, MAE: 2.86, MAPE: 0.0747, RMSE: 5.76
2019-07-18 10:26:56,429 - INFO - Horizon 05, MAE: 2.99, MAPE: 0.0798, RMSE: 6.13
2019-07-18 10:26:56,496 - INFO - Horizon 06, MAE: 3.11, MAPE: 0.0843, RMSE: 6.45
2019-07-18 10:26:56,562 - INFO - Horizon 07, MAE: 3.23, MAPE: 0.0885, RMSE: 6.74
2019-07-18 10:26:56,629 - INFO - Horizon 08, MAE: 3.33, MAPE: 0.0924, RMSE: 7.00
2019-07-18 10:26:56,695 - INFO - Horizon 09, MAE: 3.43, MAPE: 0.0959, RMSE: 7.23
2019-07-18 10:26:56,762 - INFO - Horizon 10, MAE: 3.51, MAPE: 0.0991, RMSE: 7.44
2019-07-18 10:26:56,827 - INFO - Horizon 11, MAE: 3.60, MAPE: 0.1022, RMSE: 7.63
2019-07-18 10:26:56,890 - INFO - Horizon 12, MAE: 3.68, MAPE: 0.1052, RMSE: 7.82
2019-07-18 10:28:51,114 - INFO - Epoch [30/100] (11625) train_mae: 1.9936, val_mae: 2.7872 lr:0.000100 114.2s
2019-07-18 10:28:51,142 - INFO - Val loss decrease from 2.7932 to 2.7872, saving to data/model/dcrnn_DR_2_h_12_64-64_lr_0.01_bs_64_0718092808/models-2.7872-11625
2019-07-18 10:30:46,389 - INFO - Epoch [31/100] (12000) train_mae: 2.0027, val_mae: 2.7876 lr:0.000100 115.2s
2019-07-18 10:32:40,514 - INFO - Epoch [32/100] (12375) train_mae: 2.0094, val_mae: 2.7849 lr:0.000100 114.1s
2019-07-18 10:32:40,536 - INFO - Val loss decrease from 2.7872 to 2.7849, saving to data/model/dcrnn_DR_2_h_12_64-64_lr_0.01_bs_64_0718092808/models-2.7849-12375
2019-07-18 10:34:34,738 - INFO - Epoch [33/100] (12750) train_mae: 2.0240, val_mae: 2.7812 lr:0.000100 114.2s
2019-07-18 10:34:34,767 - INFO - Val loss decrease from 2.7849 to 2.7812, saving to data/model/dcrnn_DR_2_h_12_64-64_lr_0.01_bs_64_0718092808/models-2.7812-12750
2019-07-18 10:36:28,847 - INFO - Epoch [34/100] (13125) train_mae: 2.0418, val_mae: 2.7796 lr:0.000100 114.1s
2019-07-18 10:36:28,863 - INFO - Val loss decrease from 2.7812 to 2.7796, saving to data/model/dcrnn_DR_2_h_12_64-64_lr_0.01_bs_64_0718092808/models-2.7796-13125
2019-07-18 10:38:24,236 - INFO - Epoch [35/100] (13500) train_mae: 2.0566, val_mae: 2.7800 lr:0.000100 115.4s
2019-07-18 10:40:18,148 - INFO - Epoch [36/100] (13875) train_mae: 2.0722, val_mae: 2.7745 lr:0.000100 113.9s
2019-07-18 10:40:18,169 - INFO - Val loss decrease from 2.7796 to 2.7745, saving to data/model/dcrnn_DR_2_h_12_64-64_lr_0.01_bs_64_0718092808/models-2.7745-13875
2019-07-18 10:42:12,129 - INFO - Epoch [37/100] (14250) train_mae: 2.0928, val_mae: 2.7763 lr:0.000100 114.0s
2019-07-18 10:44:06,869 - INFO - Epoch [38/100] (14625) train_mae: 2.1147, val_mae: 2.7747 lr:0.000100 114.7s
2019-07-18 10:46:00,832 - INFO - Epoch [39/100] (15000) train_mae: 2.1343, val_mae: 2.7718 lr:0.000100 114.0s
2019-07-18 10:46:17,768 - INFO - Horizon 01, MAE: 2.18, MAPE: 0.0516, RMSE: 3.78
2019-07-18 10:46:17,843 - INFO - Horizon 02, MAE: 2.47, MAPE: 0.0611, RMSE: 4.63
2019-07-18 10:46:17,914 - INFO - Horizon 03, MAE: 2.67, MAPE: 0.0682, RMSE: 5.22
2019-07-18 10:46:17,980 - INFO - Horizon 04, MAE: 2.84, MAPE: 0.0741, RMSE: 5.69
2019-07-18 10:46:18,045 - INFO - Horizon 05, MAE: 2.97, MAPE: 0.0790, RMSE: 6.06
2019-07-18 10:46:18,110 - INFO - Horizon 06, MAE: 3.08, MAPE: 0.0833, RMSE: 6.37
2019-07-18 10:46:18,176 - INFO - Horizon 07, MAE: 3.19, MAPE: 0.0873, RMSE: 6.65
2019-07-18 10:46:18,242 - INFO - Horizon 08, MAE: 3.29, MAPE: 0.0910, RMSE: 6.90
2019-07-18 10:46:18,309 - INFO - Horizon 09, MAE: 3.37, MAPE: 0.0943, RMSE: 7.11
2019-07-18 10:46:18,375 - INFO - Horizon 10, MAE: 3.45, MAPE: 0.0972, RMSE: 7.30
2019-07-18 10:46:18,440 - INFO - Horizon 11, MAE: 3.52, MAPE: 0.1001, RMSE: 7.48
2019-07-18 10:46:18,502 - INFO - Horizon 12, MAE: 3.59, MAPE: 0.1030, RMSE: 7.66
2019-07-18 10:46:18,535 - INFO - Val loss decrease from 2.7745 to 2.7718, saving to data/model/dcrnn_DR_2_h_12_64-64_lr_0.01_bs_64_0718092808/models-2.7718-15000
2019-07-18 10:48:13,247 - INFO - Epoch [40/100] (15375) train_mae: 2.1657, val_mae: 2.7701 lr:0.000010 114.7s
2019-07-18 10:48:13,272 - INFO - Val loss decrease from 2.7718 to 2.7701, saving to data/model/dcrnn_DR_2_h_12_64-64_lr_0.01_bs_64_0718092808/models-2.7701-15375
2019-07-18 10:50:08,242 - INFO - Epoch [41/100] (15750) train_mae: 2.1962, val_mae: 2.7691 lr:0.000010 115.0s
2019-07-18 10:50:08,265 - INFO - Val loss decrease from 2.7701 to 2.7691, saving to data/model/dcrnn_DR_2_h_12_64-64_lr_0.01_bs_64_0718092808/models-2.7691-15750
2019-07-18 10:52:03,181 - INFO - Epoch [42/100] (16125) train_mae: 2.2278, val_mae: 2.7660 lr:0.000010 114.9s
2019-07-18 10:52:03,207 - INFO - Val loss decrease from 2.7691 to 2.7660, saving to data/model/dcrnn_DR_2_h_12_64-64_lr_0.01_bs_64_0718092808/models-2.7660-16125
2019-07-18 10:53:58,257 - INFO - Epoch [43/100] (16500) train_mae: 2.2606, val_mae: 2.7634 lr:0.000010 115.0s
2019-07-18 10:53:58,280 - INFO - Val loss decrease from 2.7660 to 2.7634, saving to data/model/dcrnn_DR_2_h_12_64-64_lr_0.01_bs_64_0718092808/models-2.7634-16500
2019-07-18 10:55:52,926 - INFO - Epoch [44/100] (16875) train_mae: 2.2888, val_mae: 2.7646 lr:0.000010 114.6s
2019-07-18 10:57:47,681 - INFO - Epoch [45/100] (17250) train_mae: 2.3111, val_mae: 2.7642 lr:0.000010 114.8s
2019-07-18 10:59:42,526 - INFO - Epoch [46/100] (17625) train_mae: 2.3762, val_mae: 2.7634 lr:0.000010 114.8s
2019-07-18 10:59:42,547 - INFO - Val loss decrease from 2.7634 to 2.7634, saving to data/model/dcrnn_DR_2_h_12_64-64_lr_0.01_bs_64_0718092808/models-2.7634-17625
2019-07-18 11:01:37,384 - INFO - Epoch [47/100] (18000) train_mae: 2.3863, val_mae: 2.7619 lr:0.000010 114.8s
2019-07-18 11:01:37,410 - INFO - Val loss decrease from 2.7634 to 2.7619, saving to data/model/dcrnn_DR_2_h_12_64-64_lr_0.01_bs_64_0718092808/models-2.7619-18000
2019-07-18 11:03:31,573 - INFO - Epoch [48/100] (18375) train_mae: 2.4210, val_mae: 2.7615 lr:0.000010 114.2s
2019-07-18 11:03:31,596 - INFO - Val loss decrease from 2.7619 to 2.7615, saving to data/model/dcrnn_DR_2_h_12_64-64_lr_0.01_bs_64_0718092808/models-2.7615-18375
2019-07-18 11:05:26,626 - INFO - Epoch [49/100] (18750) train_mae: 2.4641, val_mae: 2.7588 lr:0.000010 115.0s
2019-07-18 11:05:43,646 - INFO - Horizon 01, MAE: 2.18, MAPE: 0.0518, RMSE: 3.79
2019-07-18 11:05:43,722 - INFO - Horizon 02, MAE: 2.48, MAPE: 0.0614, RMSE: 4.63
2019-07-18 11:05:43,793 - INFO - Horizon 03, MAE: 2.68, MAPE: 0.0686, RMSE: 5.21
2019-07-18 11:05:43,861 - INFO - Horizon 04, MAE: 2.84, MAPE: 0.0746, RMSE: 5.67
2019-07-18 11:05:43,928 - INFO - Horizon 05, MAE: 2.96, MAPE: 0.0796, RMSE: 6.03
2019-07-18 11:05:43,994 - INFO - Horizon 06, MAE: 3.08, MAPE: 0.0839, RMSE: 6.33
2019-07-18 11:05:44,060 - INFO - Horizon 07, MAE: 3.18, MAPE: 0.0879, RMSE: 6.60
2019-07-18 11:05:44,126 - INFO - Horizon 08, MAE: 3.27, MAPE: 0.0915, RMSE: 6.83
2019-07-18 11:05:44,193 - INFO - Horizon 09, MAE: 3.35, MAPE: 0.0947, RMSE: 7.03
2019-07-18 11:05:44,259 - INFO - Horizon 10, MAE: 3.42, MAPE: 0.0975, RMSE: 7.21
2019-07-18 11:05:44,322 - INFO - Horizon 11, MAE: 3.49, MAPE: 0.1003, RMSE: 7.37
2019-07-18 11:05:44,384 - INFO - Horizon 12, MAE: 3.55, MAPE: 0.1030, RMSE: 7.53
2019-07-18 11:05:44,415 - INFO - Val loss decrease from 2.7615 to 2.7588, saving to data/model/dcrnn_DR_2_h_12_64-64_lr_0.01_bs_64_0718092808/models-2.7588-18750
2019-07-18 11:07:39,324 - INFO - Epoch [50/100] (19125) train_mae: 2.4775, val_mae: 2.7593 lr:0.000002 114.9s
2019-07-18 11:09:33,328 - INFO - Epoch [51/100] (19500) train_mae: 2.5111, val_mae: 2.7588 lr:0.000002 114.0s
2019-07-18 11:11:27,986 - INFO - Epoch [52/100] (19875) train_mae: 2.5307, val_mae: 2.7591 lr:0.000002 114.7s
2019-07-18 11:13:21,991 - INFO - Epoch [53/100] (20250) train_mae: 2.5594, val_mae: 2.7586 lr:0.000002 114.0s
2019-07-18 11:13:22,014 - INFO - Val loss decrease from 2.7588 to 2.7586, saving to data/model/dcrnn_DR_2_h_12_64-64_lr_0.01_bs_64_0718092808/models-2.7586-20250
2019-07-18 11:15:16,261 - INFO - Epoch [54/100] (20625) train_mae: 2.5920, val_mae: 2.7583 lr:0.000002 114.2s
2019-07-18 11:15:16,288 - INFO - Val loss decrease from 2.7586 to 2.7583, saving to data/model/dcrnn_DR_2_h_12_64-64_lr_0.01_bs_64_0718092808/models-2.7583-20625
2019-07-18 11:17:10,694 - INFO - Epoch [55/100] (21000) train_mae: 2.5993, val_mae: 2.7584 lr:0.000002 114.4s
2019-07-18 11:19:05,106 - INFO - Epoch [56/100] (21375) train_mae: 2.6168, val_mae: 2.7583 lr:0.000002 114.4s
2019-07-18 11:20:59,978 - INFO - Epoch [57/100] (21750) train_mae: 2.6280, val_mae: 2.7586 lr:0.000002 114.9s
2019-07-18 11:22:54,208 - INFO - Epoch [58/100] (22125) train_mae: 2.6329, val_mae: 2.7587 lr:0.000002 114.2s
2019-07-18 11:24:49,542 - INFO - Epoch [59/100] (22500) train_mae: 2.6481, val_mae: 2.7587 lr:0.000002 115.3s
2019-07-18 11:25:06,591 - INFO - Horizon 01, MAE: 2.18, MAPE: 0.0518, RMSE: 3.79
2019-07-18 11:25:06,663 - INFO - Horizon 02, MAE: 2.48, MAPE: 0.0615, RMSE: 4.63
2019-07-18 11:25:06,730 - INFO - Horizon 03, MAE: 2.68, MAPE: 0.0687, RMSE: 5.21
2019-07-18 11:25:06,797 - INFO - Horizon 04, MAE: 2.84, MAPE: 0.0748, RMSE: 5.67
2019-07-18 11:25:06,864 - INFO - Horizon 05, MAE: 2.97, MAPE: 0.0799, RMSE: 6.03
2019-07-18 11:25:06,930 - INFO - Horizon 06, MAE: 3.08, MAPE: 0.0843, RMSE: 6.33
2019-07-18 11:25:06,997 - INFO - Horizon 07, MAE: 3.18, MAPE: 0.0883, RMSE: 6.59
2019-07-18 11:25:07,064 - INFO - Horizon 08, MAE: 3.27, MAPE: 0.0920, RMSE: 6.82
2019-07-18 11:25:07,131 - INFO - Horizon 09, MAE: 3.35, MAPE: 0.0952, RMSE: 7.02
2019-07-18 11:25:07,198 - INFO - Horizon 10, MAE: 3.42, MAPE: 0.0981, RMSE: 7.20
2019-07-18 11:25:07,264 - INFO - Horizon 11, MAE: 3.49, MAPE: 0.1009, RMSE: 7.37
2019-07-18 11:25:07,327 - INFO - Horizon 12, MAE: 3.55, MAPE: 0.1037, RMSE: 7.52
2019-07-18 11:27:02,369 - INFO - Epoch [60/100] (22875) train_mae: 2.6495, val_mae: 2.7588 lr:0.000002 115.0s
2019-07-18 11:28:57,315 - INFO - Epoch [61/100] (23250) train_mae: 2.6591, val_mae: 2.7584 lr:0.000002 114.9s
2019-07-18 11:30:52,188 - INFO - Epoch [62/100] (23625) train_mae: 2.6686, val_mae: 2.7585 lr:0.000002 114.9s
2019-07-18 11:32:46,810 - INFO - Epoch [63/100] (24000) train_mae: 2.6739, val_mae: 2.7588 lr:0.000002 114.6s
2019-07-18 11:34:41,789 - INFO - Epoch [64/100] (24375) train_mae: 2.6715, val_mae: 2.7588 lr:0.000002 115.0s
2019-07-18 11:36:36,357 - INFO - Epoch [65/100] (24750) train_mae: 2.6779, val_mae: 2.7588 lr:0.000002 114.6s
2019-07-18 11:38:30,829 - INFO - Epoch [66/100] (25125) train_mae: 2.6815, val_mae: 2.7589 lr:0.000002 114.5s
2019-07-18 11:40:25,587 - INFO - Epoch [67/100] (25500) train_mae: 2.6818, val_mae: 2.7588 lr:0.000002 114.8s
2019-07-18 11:42:20,377 - INFO - Epoch [68/100] (25875) train_mae: 2.6846, val_mae: 2.7589 lr:0.000002 114.8s
2019-07-18 11:44:15,254 - INFO - Epoch [69/100] (26250) train_mae: 2.6861, val_mae: 2.7588 lr:0.000002 114.9s
2019-07-18 11:44:32,319 - INFO - Horizon 01, MAE: 2.18, MAPE: 0.0519, RMSE: 3.79
2019-07-18 11:44:32,385 - INFO - Horizon 02, MAE: 2.48, MAPE: 0.0616, RMSE: 4.63
2019-07-18 11:44:32,450 - INFO - Horizon 03, MAE: 2.68, MAPE: 0.0688, RMSE: 5.21
2019-07-18 11:44:32,517 - INFO - Horizon 04, MAE: 2.84, MAPE: 0.0748, RMSE: 5.67
2019-07-18 11:44:32,583 - INFO - Horizon 05, MAE: 2.97, MAPE: 0.0799, RMSE: 6.03
2019-07-18 11:44:32,649 - INFO - Horizon 06, MAE: 3.08, MAPE: 0.0843, RMSE: 6.33
2019-07-18 11:44:32,714 - INFO - Horizon 07, MAE: 3.18, MAPE: 0.0883, RMSE: 6.59
2019-07-18 11:44:32,780 - INFO - Horizon 08, MAE: 3.27, MAPE: 0.0919, RMSE: 6.82
2019-07-18 11:44:32,845 - INFO - Horizon 09, MAE: 3.35, MAPE: 0.0951, RMSE: 7.02
2019-07-18 11:44:32,912 - INFO - Horizon 10, MAE: 3.42, MAPE: 0.0980, RMSE: 7.20
2019-07-18 11:44:32,977 - INFO - Horizon 11, MAE: 3.49, MAPE: 0.1008, RMSE: 7.36
2019-07-18 11:44:33,038 - INFO - Horizon 12, MAE: 3.55, MAPE: 0.1035, RMSE: 7.52
2019-07-18 11:46:28,086 - INFO - Epoch [70/100] (26625) train_mae: 2.6839, val_mae: 2.7591 lr:0.000002 115.0s
2019-07-18 11:48:22,930 - INFO - Epoch [71/100] (27000) train_mae: 2.6854, val_mae: 2.7589 lr:0.000002 114.8s
2019-07-18 11:50:17,871 - INFO - Epoch [72/100] (27375) train_mae: 2.6841, val_mae: 2.7590 lr:0.000002 114.9s
2019-07-18 11:52:12,665 - INFO - Epoch [73/100] (27750) train_mae: 2.6873, val_mae: 2.7590 lr:0.000002 114.8s
2019-07-18 11:54:07,470 - INFO - Epoch [74/100] (28125) train_mae: 2.6872, val_mae: 2.7590 lr:0.000002 114.8s
2019-07-18 11:56:02,392 - INFO - Epoch [75/100] (28500) train_mae: 2.6867, val_mae: 2.7591 lr:0.000002 114.9s
2019-07-18 11:57:57,295 - INFO - Epoch [76/100] (28875) train_mae: 2.6853, val_mae: 2.7591 lr:0.000002 114.9s
2019-07-18 11:59:52,327 - INFO - Epoch [77/100] (29250) train_mae: 2.6842, val_mae: 2.7592 lr:0.000002 115.0s
2019-07-18 12:01:47,651 - INFO - Epoch [78/100] (29625) train_mae: 2.6862, val_mae: 2.7592 lr:0.000002 115.3s
2019-07-18 12:03:42,368 - INFO - Epoch [79/100] (30000) train_mae: 2.6858, val_mae: 2.7592 lr:0.000002 114.7s
2019-07-18 12:03:59,353 - INFO - Horizon 01, MAE: 2.18, MAPE: 0.0519, RMSE: 3.79
2019-07-18 12:03:59,430 - INFO - Horizon 02, MAE: 2.48, MAPE: 0.0616, RMSE: 4.63
2019-07-18 12:03:59,497 - INFO - Horizon 03, MAE: 2.68, MAPE: 0.0688, RMSE: 5.21
2019-07-18 12:03:59,564 - INFO - Horizon 04, MAE: 2.84, MAPE: 0.0748, RMSE: 5.67
2019-07-18 12:03:59,631 - INFO - Horizon 05, MAE: 2.97, MAPE: 0.0799, RMSE: 6.03
2019-07-18 12:03:59,699 - INFO - Horizon 06, MAE: 3.08, MAPE: 0.0844, RMSE: 6.33
2019-07-18 12:03:59,766 - INFO - Horizon 07, MAE: 3.18, MAPE: 0.0883, RMSE: 6.60
2019-07-18 12:03:59,833 - INFO - Horizon 08, MAE: 3.27, MAPE: 0.0919, RMSE: 6.82
2019-07-18 12:03:59,901 - INFO - Horizon 09, MAE: 3.35, MAPE: 0.0951, RMSE: 7.02
2019-07-18 12:03:59,970 - INFO - Horizon 10, MAE: 3.42, MAPE: 0.0980, RMSE: 7.20
2019-07-18 12:04:00,036 - INFO - Horizon 11, MAE: 3.49, MAPE: 0.1007, RMSE: 7.36
2019-07-18 12:04:00,099 - INFO - Horizon 12, MAE: 3.55, MAPE: 0.1034, RMSE: 7.52
2019-07-18 12:05:55,115 - INFO - Epoch [80/100] (30375) train_mae: 2.6860, val_mae: 2.7592 lr:0.000002 115.0s
2019-07-18 12:07:49,595 - INFO - Epoch [81/100] (30750) train_mae: 2.6855, val_mae: 2.7592 lr:0.000002 114.5s
2019-07-18 12:09:44,536 - INFO - Epoch [82/100] (31125) train_mae: 2.6854, val_mae: 2.7592 lr:0.000002 114.9s
2019-07-18 12:11:39,499 - INFO - Epoch [83/100] (31500) train_mae: 2.6852, val_mae: 2.7592 lr:0.000002 115.0s
2019-07-18 12:13:34,286 - INFO - Epoch [84/100] (31875) train_mae: 2.6835, val_mae: 2.7592 lr:0.000002 114.8s
2019-07-18 12:15:28,784 - INFO - Epoch [85/100] (32250) train_mae: 2.6835, val_mae: 2.7593 lr:0.000002 114.5s
2019-07-18 12:17:23,967 - INFO - Epoch [86/100] (32625) train_mae: 2.6833, val_mae: 2.7594 lr:0.000002 115.2s
2019-07-18 12:19:18,834 - INFO - Epoch [87/100] (33000) train_mae: 2.6836, val_mae: 2.7595 lr:0.000002 114.9s
2019-07-18 12:21:14,371 - INFO - Epoch [88/100] (33375) train_mae: 2.6832, val_mae: 2.7594 lr:0.000002 115.5s
2019-07-18 12:23:09,298 - INFO - Epoch [89/100] (33750) train_mae: 2.6828, val_mae: 2.7595 lr:0.000002 114.9s
2019-07-18 12:23:26,387 - INFO - Horizon 01, MAE: 2.18, MAPE: 0.0519, RMSE: 3.79
2019-07-18 12:23:26,463 - INFO - Horizon 02, MAE: 2.48, MAPE: 0.0616, RMSE: 4.63
2019-07-18 12:23:26,535 - INFO - Horizon 03, MAE: 2.68, MAPE: 0.0688, RMSE: 5.21
2019-07-18 12:23:26,602 - INFO - Horizon 04, MAE: 2.84, MAPE: 0.0748, RMSE: 5.67
2019-07-18 12:23:26,669 - INFO - Horizon 05, MAE: 2.97, MAPE: 0.0799, RMSE: 6.03
2019-07-18 12:23:26,736 - INFO - Horizon 06, MAE: 3.08, MAPE: 0.0844, RMSE: 6.33
2019-07-18 12:23:26,803 - INFO - Horizon 07, MAE: 3.18, MAPE: 0.0883, RMSE: 6.60
2019-07-18 12:23:26,869 - INFO - Horizon 08, MAE: 3.27, MAPE: 0.0919, RMSE: 6.82
2019-07-18 12:23:26,937 - INFO - Horizon 09, MAE: 3.35, MAPE: 0.0951, RMSE: 7.02
2019-07-18 12:23:27,003 - INFO - Horizon 10, MAE: 3.42, MAPE: 0.0979, RMSE: 7.20
2019-07-18 12:23:27,070 - INFO - Horizon 11, MAE: 3.49, MAPE: 0.1006, RMSE: 7.36
2019-07-18 12:23:27,132 - INFO - Horizon 12, MAE: 3.55, MAPE: 0.1033, RMSE: 7.52
2019-07-18 12:25:22,245 - INFO - Epoch [90/100] (34125) train_mae: 2.6824, val_mae: 2.7595 lr:0.000002 115.1s
2019-07-18 12:27:17,214 - INFO - Epoch [91/100] (34500) train_mae: 2.6821, val_mae: 2.7596 lr:0.000002 115.0s
2019-07-18 12:29:12,125 - INFO - Epoch [92/100] (34875) train_mae: 2.6817, val_mae: 2.7595 lr:0.000002 114.9s
2019-07-18 12:31:07,069 - INFO - Epoch [93/100] (35250) train_mae: 2.6813, val_mae: 2.7596 lr:0.000002 114.9s
2019-07-18 12:33:01,701 - INFO - Epoch [94/100] (35625) train_mae: 2.6809, val_mae: 2.7595 lr:0.000002 114.6s
2019-07-18 12:34:56,558 - INFO - Epoch [95/100] (36000) train_mae: 2.6806, val_mae: 2.7596 lr:0.000002 114.9s
2019-07-18 12:36:51,475 - INFO - Epoch [96/100] (36375) train_mae: 2.6802, val_mae: 2.7596 lr:0.000002 114.9s
2019-07-18 12:38:46,596 - INFO - Epoch [97/100] (36750) train_mae: 2.6799, val_mae: 2.7596 lr:0.000002 115.1s
2019-07-18 12:40:41,537 - INFO - Epoch [98/100] (37125) train_mae: 2.6795, val_mae: 2.7596 lr:0.000002 114.9s
2019-07-18 12:42:36,605 - INFO - Epoch [99/100] (37500) train_mae: 2.6792, val_mae: 2.7597 lr:0.000002 115.1s
2019-07-18 12:42:53,749 - INFO - Horizon 01, MAE: 2.18, MAPE: 0.0519, RMSE: 3.79
2019-07-18 12:42:53,827 - INFO - Horizon 02, MAE: 2.48, MAPE: 0.0616, RMSE: 4.63
2019-07-18 12:42:53,903 - INFO - Horizon 03, MAE: 2.68, MAPE: 0.0688, RMSE: 5.21
2019-07-18 12:42:53,979 - INFO - Horizon 04, MAE: 2.84, MAPE: 0.0749, RMSE: 5.67
2019-07-18 12:42:54,049 - INFO - Horizon 05, MAE: 2.97, MAPE: 0.0800, RMSE: 6.03
2019-07-18 12:42:54,116 - INFO - Horizon 06, MAE: 3.08, MAPE: 0.0844, RMSE: 6.33
2019-07-18 12:42:54,183 - INFO - Horizon 07, MAE: 3.18, MAPE: 0.0883, RMSE: 6.60
2019-07-18 12:42:54,250 - INFO - Horizon 08, MAE: 3.27, MAPE: 0.0919, RMSE: 6.82
2019-07-18 12:42:54,318 - INFO - Horizon 09, MAE: 3.35, MAPE: 0.0951, RMSE: 7.02
2019-07-18 12:42:54,386 - INFO - Horizon 10, MAE: 3.42, MAPE: 0.0979, RMSE: 7.20
2019-07-18 12:42:54,453 - INFO - Horizon 11, MAE: 3.49, MAPE: 0.1006, RMSE: 7.37
2019-07-18 12:42:54,516 - INFO - Horizon 12, MAE: 3.55, MAPE: 0.1032, RMSE: 7.52
2019-07-18 12:44:49,845 - INFO - Epoch [100/100] (37875) train_mae: 2.6788, val_mae: 2.7596 lr:0.000002 115.3s
