dcrnn_train.py:15: YAMLLoadWarning: calling yaml.load() without Loader=... is deprecated, as the default Loader is unsafe. Please read https://msg.pyyaml.org/load for full details.
  supervisor_config = yaml.load(f)
2019-06-27 09:01:34.584141: I tensorflow/core/platform/cpu_feature_guard.cc:141] Your CPU supports instructions that this TensorFlow binary was not compiled to use: AVX2 FMA
2019-06-27 09:01:34.994973: I tensorflow/core/common_runtime/gpu/gpu_device.cc:1432] Found device 0 with properties: 
name: Tesla V100-PCIE-32GB major: 7 minor: 0 memoryClockRate(GHz): 1.38
pciBusID: 0000:83:00.0
totalMemory: 31.72GiB freeMemory: 31.31GiB
2019-06-27 09:01:34.995012: I tensorflow/core/common_runtime/gpu/gpu_device.cc:1511] Adding visible gpu devices: 0
2019-06-27 09:01:35.350017: I tensorflow/core/common_runtime/gpu/gpu_device.cc:982] Device interconnect StreamExecutor with strength 1 edge matrix:
2019-06-27 09:01:35.350068: I tensorflow/core/common_runtime/gpu/gpu_device.cc:988]      0 
2019-06-27 09:01:35.350079: I tensorflow/core/common_runtime/gpu/gpu_device.cc:1001] 0:   N 
2019-06-27 09:01:35.350642: I tensorflow/core/common_runtime/gpu/gpu_device.cc:1115] Created TensorFlow device (/job:localhost/replica:0/task:0/device:GPU:0 with 30378 MB memory) -> physical GPU (device: 0, name: Tesla V100-PCIE-32GB, pci bus id: 0000:83:00.0, compute capability: 7.0)
2019-06-27 09:01:35,356 - INFO - Log directory: data/model/dcrnn_DR_2_h_12_64-64_lr_0.01_bs_64_0627090135/
2019-06-27 09:01:35,357 - INFO - {'base_dir': 'data/model', 'model': {'rnn_units': 64, 'seq_len': 12, 'output_dim': 1, 'use_curriculum_learning': True, 'input_dim': 2, 'num_rnn_layers': 2, 'num_nodes': 325, 'filter_type': 'dual_random_walk', 'cl_decay_steps': 2000, 'horizon': 12, 'max_diffusion_step': 2, 'l1_decay': 0}, 'log_level': 'INFO', 'train': {'patience': 50, 'epochs': 100, 'dropout': 0, 'global_step': 0, 'epsilon': 0.001, 'lr_decay_ratio': 0.1, 'epoch': 0, 'steps': [20, 30, 40, 50], 'base_lr': 0.01, 'min_learning_rate': 2e-06, 'optimizer': 'adam', 'max_to_keep': 100, 'test_every_n_epochs': 10, 'max_grad_norm': 5}, 'data': {'dataset_dir': 'data/PEMS-BAY', 'batch_size': 64, 'val_batch_size': 64, 'graph_pkl_filename': 'data/sensor_graph/adj_mx_bay.pkl', 'test_batch_size': 64}}
2019-06-27 09:02:06,872 - INFO - ('y_train', (36465, 12, 325, 2))
2019-06-27 09:02:06,873 - INFO - ('y_test', (10419, 12, 325, 2))
2019-06-27 09:02:06,873 - INFO - ('x_test', (10419, 12, 325, 2))
2019-06-27 09:02:06,873 - INFO - ('x_train', (36465, 12, 325, 2))
2019-06-27 09:02:06,873 - INFO - ('x_val', (5209, 12, 325, 2))
2019-06-27 09:02:06,873 - INFO - ('y_val', (5209, 12, 325, 2))
WARNING:tensorflow:At least two cells provided to MultiRNNCell are the same object and will share weights.
2019-06-27 09:02:25,140 - INFO - Total number of trainable parameters: 372352
2019-06-27 09:02:26,059 - INFO - Start training ...
2019-06-27 09:06:58,540 - INFO - Epoch [0/100] (570) train_mae: 0.9882, val_mae: 2.1970 lr:0.010000 272.3s
2019-06-27 09:06:58,743 - INFO - Val loss decrease from inf to 2.1970, saving to data/model/dcrnn_DR_2_h_12_64-64_lr_0.01_bs_64_0627090135/models-2.1970-570
2019-06-27 09:11:27,519 - INFO - Epoch [1/100] (1140) train_mae: 0.8718, val_mae: 2.1244 lr:0.010000 268.8s
2019-06-27 09:11:27,546 - INFO - Val loss decrease from 2.1970 to 2.1244, saving to data/model/dcrnn_DR_2_h_12_64-64_lr_0.01_bs_64_0627090135/models-2.1244-1140
2019-06-27 09:15:56,426 - INFO - Epoch [2/100] (1710) train_mae: 0.8592, val_mae: 2.1760 lr:0.010000 268.9s
2019-06-27 09:20:25,268 - INFO - Epoch [3/100] (2280) train_mae: 0.8513, val_mae: 2.0903 lr:0.010000 268.8s
2019-06-27 09:20:25,283 - INFO - Val loss decrease from 2.1244 to 2.0903, saving to data/model/dcrnn_DR_2_h_12_64-64_lr_0.01_bs_64_0627090135/models-2.0903-2280
2019-06-27 09:24:54,488 - INFO - Epoch [4/100] (2850) train_mae: 0.8433, val_mae: 2.0523 lr:0.010000 269.2s
2019-06-27 09:24:54,516 - INFO - Val loss decrease from 2.0903 to 2.0523, saving to data/model/dcrnn_DR_2_h_12_64-64_lr_0.01_bs_64_0627090135/models-2.0523-2850
2019-06-27 09:29:23,394 - INFO - Epoch [5/100] (3420) train_mae: 0.8347, val_mae: 1.9952 lr:0.010000 268.9s
2019-06-27 09:29:23,413 - INFO - Val loss decrease from 2.0523 to 1.9952, saving to data/model/dcrnn_DR_2_h_12_64-64_lr_0.01_bs_64_0627090135/models-1.9952-3420
2019-06-27 09:33:52,316 - INFO - Epoch [6/100] (3990) train_mae: 0.8316, val_mae: 1.9615 lr:0.010000 268.9s
2019-06-27 09:33:52,345 - INFO - Val loss decrease from 1.9952 to 1.9615, saving to data/model/dcrnn_DR_2_h_12_64-64_lr_0.01_bs_64_0627090135/models-1.9615-3990
2019-06-27 09:38:21,391 - INFO - Epoch [7/100] (4560) train_mae: 0.8270, val_mae: 1.9789 lr:0.010000 269.0s
2019-06-27 09:42:50,338 - INFO - Epoch [8/100] (5130) train_mae: 0.8230, val_mae: 1.9449 lr:0.010000 268.9s
2019-06-27 09:42:50,365 - INFO - Val loss decrease from 1.9615 to 1.9449, saving to data/model/dcrnn_DR_2_h_12_64-64_lr_0.01_bs_64_0627090135/models-1.9449-5130
2019-06-27 09:47:20,025 - INFO - Epoch [9/100] (5700) train_mae: 0.8199, val_mae: 1.9169 lr:0.010000 269.7s
2019-06-27 09:47:57,624 - INFO - Horizon 01, MAE: 0.86, MAPE: 0.0165, RMSE: 1.56
2019-06-27 09:47:57,882 - INFO - Horizon 02, MAE: 1.15, MAPE: 0.0231, RMSE: 2.31
2019-06-27 09:47:58,141 - INFO - Horizon 03, MAE: 1.36, MAPE: 0.0282, RMSE: 2.93
2019-06-27 09:47:58,394 - INFO - Horizon 04, MAE: 1.53, MAPE: 0.0327, RMSE: 3.44
2019-06-27 09:47:58,651 - INFO - Horizon 05, MAE: 1.68, MAPE: 0.0365, RMSE: 3.87
2019-06-27 09:47:58,909 - INFO - Horizon 06, MAE: 1.80, MAPE: 0.0400, RMSE: 4.23
2019-06-27 09:47:59,166 - INFO - Horizon 07, MAE: 1.92, MAPE: 0.0432, RMSE: 4.55
2019-06-27 09:47:59,422 - INFO - Horizon 08, MAE: 2.03, MAPE: 0.0462, RMSE: 4.84
2019-06-27 09:47:59,671 - INFO - Horizon 09, MAE: 2.13, MAPE: 0.0490, RMSE: 5.10
2019-06-27 09:47:59,923 - INFO - Horizon 10, MAE: 2.23, MAPE: 0.0517, RMSE: 5.34
2019-06-27 09:48:00,178 - INFO - Horizon 11, MAE: 2.32, MAPE: 0.0542, RMSE: 5.57
2019-06-27 09:48:00,424 - INFO - Horizon 12, MAE: 2.41, MAPE: 0.0566, RMSE: 5.79
2019-06-27 09:48:00,468 - INFO - Val loss decrease from 1.9449 to 1.9169, saving to data/model/dcrnn_DR_2_h_12_64-64_lr_0.01_bs_64_0627090135/models-1.9169-5700
2019-06-27 09:52:30,096 - INFO - Epoch [10/100] (6270) train_mae: 0.8177, val_mae: 1.8621 lr:0.010000 269.6s
2019-06-27 09:52:30,123 - INFO - Val loss decrease from 1.9169 to 1.8621, saving to data/model/dcrnn_DR_2_h_12_64-64_lr_0.01_bs_64_0627090135/models-1.8621-6270
2019-06-27 09:56:59,592 - INFO - Epoch [11/100] (6840) train_mae: 0.8171, val_mae: 1.8673 lr:0.010000 269.5s
2019-06-27 10:01:28,844 - INFO - Epoch [12/100] (7410) train_mae: 0.8156, val_mae: 1.8479 lr:0.010000 269.2s
2019-06-27 10:01:28,872 - INFO - Val loss decrease from 1.8621 to 1.8479, saving to data/model/dcrnn_DR_2_h_12_64-64_lr_0.01_bs_64_0627090135/models-1.8479-7410
2019-06-27 10:05:58,046 - INFO - Epoch [13/100] (7980) train_mae: 0.8147, val_mae: 1.8331 lr:0.010000 269.2s
2019-06-27 10:05:58,073 - INFO - Val loss decrease from 1.8479 to 1.8331, saving to data/model/dcrnn_DR_2_h_12_64-64_lr_0.01_bs_64_0627090135/models-1.8331-7980
2019-06-27 10:10:27,851 - INFO - Epoch [14/100] (8550) train_mae: 0.8150, val_mae: 1.8178 lr:0.010000 269.8s
2019-06-27 10:10:27,878 - INFO - Val loss decrease from 1.8331 to 1.8178, saving to data/model/dcrnn_DR_2_h_12_64-64_lr_0.01_bs_64_0627090135/models-1.8178-8550
2019-06-27 10:14:57,293 - INFO - Epoch [15/100] (9120) train_mae: 0.8188, val_mae: 1.9267 lr:0.010000 269.4s
2019-06-27 10:19:26,173 - INFO - Epoch [16/100] (9690) train_mae: 0.8193, val_mae: 1.8377 lr:0.010000 268.9s
2019-06-27 10:23:55,001 - INFO - Epoch [17/100] (10260) train_mae: 0.8217, val_mae: 1.8130 lr:0.010000 268.8s
2019-06-27 10:23:55,032 - INFO - Val loss decrease from 1.8178 to 1.8130, saving to data/model/dcrnn_DR_2_h_12_64-64_lr_0.01_bs_64_0627090135/models-1.8130-10260
2019-06-27 10:28:24,166 - INFO - Epoch [18/100] (10830) train_mae: 0.8299, val_mae: 1.7706 lr:0.010000 269.1s
2019-06-27 10:28:24,187 - INFO - Val loss decrease from 1.8130 to 1.7706, saving to data/model/dcrnn_DR_2_h_12_64-64_lr_0.01_bs_64_0627090135/models-1.7706-10830
2019-06-27 10:32:53,583 - INFO - Epoch [19/100] (11400) train_mae: 0.8370, val_mae: 1.7768 lr:0.010000 269.4s
2019-06-27 10:33:31,270 - INFO - Horizon 01, MAE: 0.85, MAPE: 0.0164, RMSE: 1.54
2019-06-27 10:33:31,525 - INFO - Horizon 02, MAE: 1.13, MAPE: 0.0228, RMSE: 2.26
2019-06-27 10:33:31,780 - INFO - Horizon 03, MAE: 1.34, MAPE: 0.0278, RMSE: 2.84
2019-06-27 10:33:32,037 - INFO - Horizon 04, MAE: 1.50, MAPE: 0.0320, RMSE: 3.30
2019-06-27 10:33:32,294 - INFO - Horizon 05, MAE: 1.63, MAPE: 0.0355, RMSE: 3.66
2019-06-27 10:33:32,551 - INFO - Horizon 06, MAE: 1.73, MAPE: 0.0385, RMSE: 3.96
2019-06-27 10:33:32,808 - INFO - Horizon 07, MAE: 1.83, MAPE: 0.0411, RMSE: 4.21
2019-06-27 10:33:33,064 - INFO - Horizon 08, MAE: 1.91, MAPE: 0.0435, RMSE: 4.43
2019-06-27 10:33:33,320 - INFO - Horizon 09, MAE: 1.99, MAPE: 0.0456, RMSE: 4.61
2019-06-27 10:33:33,572 - INFO - Horizon 10, MAE: 2.05, MAPE: 0.0475, RMSE: 4.78
2019-06-27 10:33:33,828 - INFO - Horizon 11, MAE: 2.12, MAPE: 0.0492, RMSE: 4.92
2019-06-27 10:33:34,078 - INFO - Horizon 12, MAE: 2.18, MAPE: 0.0508, RMSE: 5.06
2019-06-27 10:38:03,513 - INFO - Epoch [20/100] (11970) train_mae: 0.8361, val_mae: 1.7104 lr:0.001000 269.4s
2019-06-27 10:38:03,537 - INFO - Val loss decrease from 1.7706 to 1.7104, saving to data/model/dcrnn_DR_2_h_12_64-64_lr_0.01_bs_64_0627090135/models-1.7104-11970
2019-06-27 10:42:33,339 - INFO - Epoch [21/100] (12540) train_mae: 0.8446, val_mae: 1.7133 lr:0.001000 269.8s
2019-06-27 10:47:02,944 - INFO - Epoch [22/100] (13110) train_mae: 0.8636, val_mae: 1.7170 lr:0.001000 269.6s
2019-06-27 10:51:32,068 - INFO - Epoch [23/100] (13680) train_mae: 0.8827, val_mae: 1.7213 lr:0.001000 269.1s
2019-06-27 10:56:01,762 - INFO - Epoch [24/100] (14250) train_mae: 0.9099, val_mae: 1.7150 lr:0.001000 269.7s
2019-06-27 11:00:31,117 - INFO - Epoch [25/100] (14820) train_mae: 0.9381, val_mae: 1.7114 lr:0.001000 269.4s
2019-06-27 11:05:00,911 - INFO - Epoch [26/100] (15390) train_mae: 0.9829, val_mae: 1.6958 lr:0.001000 269.8s
2019-06-27 11:05:00,932 - INFO - Val loss decrease from 1.7104 to 1.6958, saving to data/model/dcrnn_DR_2_h_12_64-64_lr_0.01_bs_64_0627090135/models-1.6958-15390
2019-06-27 11:09:30,493 - INFO - Epoch [27/100] (15960) train_mae: 1.0174, val_mae: 1.6959 lr:0.001000 269.6s
2019-06-27 11:13:59,657 - INFO - Epoch [28/100] (16530) train_mae: 1.0671, val_mae: 1.6905 lr:0.001000 269.2s
2019-06-27 11:13:59,684 - INFO - Val loss decrease from 1.6958 to 1.6905, saving to data/model/dcrnn_DR_2_h_12_64-64_lr_0.01_bs_64_0627090135/models-1.6905-16530
2019-06-27 11:18:29,270 - INFO - Epoch [29/100] (17100) train_mae: 1.1081, val_mae: 1.7207 lr:0.001000 269.6s
2019-06-27 11:19:07,063 - INFO - Horizon 01, MAE: 0.85, MAPE: 0.0165, RMSE: 1.54
2019-06-27 11:19:07,320 - INFO - Horizon 02, MAE: 1.13, MAPE: 0.0230, RMSE: 2.25
2019-06-27 11:19:07,579 - INFO - Horizon 03, MAE: 1.33, MAPE: 0.0281, RMSE: 2.83
2019-06-27 11:19:07,835 - INFO - Horizon 04, MAE: 1.48, MAPE: 0.0324, RMSE: 3.29
2019-06-27 11:19:08,092 - INFO - Horizon 05, MAE: 1.60, MAPE: 0.0360, RMSE: 3.65
2019-06-27 11:19:08,353 - INFO - Horizon 06, MAE: 1.70, MAPE: 0.0391, RMSE: 3.95
2019-06-27 11:19:08,619 - INFO - Horizon 07, MAE: 1.79, MAPE: 0.0418, RMSE: 4.19
2019-06-27 11:19:08,889 - INFO - Horizon 08, MAE: 1.86, MAPE: 0.0442, RMSE: 4.40
2019-06-27 11:19:09,149 - INFO - Horizon 09, MAE: 1.93, MAPE: 0.0464, RMSE: 4.58
2019-06-27 11:19:09,411 - INFO - Horizon 10, MAE: 1.99, MAPE: 0.0483, RMSE: 4.74
2019-06-27 11:19:09,673 - INFO - Horizon 11, MAE: 2.05, MAPE: 0.0500, RMSE: 4.88
2019-06-27 11:19:09,925 - INFO - Horizon 12, MAE: 2.10, MAPE: 0.0516, RMSE: 5.01
2019-06-27 11:23:39,784 - INFO - Epoch [30/100] (17670) train_mae: 1.1437, val_mae: 1.6442 lr:0.000100 269.8s
2019-06-27 11:23:39,812 - INFO - Val loss decrease from 1.6905 to 1.6442, saving to data/model/dcrnn_DR_2_h_12_64-64_lr_0.01_bs_64_0627090135/models-1.6442-17670
2019-06-27 11:28:09,006 - INFO - Epoch [31/100] (18240) train_mae: 1.1931, val_mae: 1.6415 lr:0.000100 269.2s
2019-06-27 11:28:09,035 - INFO - Val loss decrease from 1.6442 to 1.6415, saving to data/model/dcrnn_DR_2_h_12_64-64_lr_0.01_bs_64_0627090135/models-1.6415-18240
2019-06-27 11:32:38,626 - INFO - Epoch [32/100] (18810) train_mae: 1.2335, val_mae: 1.6374 lr:0.000100 269.6s
2019-06-27 11:32:38,653 - INFO - Val loss decrease from 1.6415 to 1.6374, saving to data/model/dcrnn_DR_2_h_12_64-64_lr_0.01_bs_64_0627090135/models-1.6374-18810
2019-06-27 11:37:07,758 - INFO - Epoch [33/100] (19380) train_mae: 1.2837, val_mae: 1.6375 lr:0.000100 269.1s
2019-06-27 11:41:37,653 - INFO - Epoch [34/100] (19950) train_mae: 1.3080, val_mae: 1.6356 lr:0.000100 269.9s
2019-06-27 11:41:37,682 - INFO - Val loss decrease from 1.6374 to 1.6356, saving to data/model/dcrnn_DR_2_h_12_64-64_lr_0.01_bs_64_0627090135/models-1.6356-19950
2019-06-27 11:46:06,790 - INFO - Epoch [35/100] (20520) train_mae: 1.3413, val_mae: 1.6322 lr:0.000100 269.1s
2019-06-27 11:46:06,813 - INFO - Val loss decrease from 1.6356 to 1.6322, saving to data/model/dcrnn_DR_2_h_12_64-64_lr_0.01_bs_64_0627090135/models-1.6322-20520
2019-06-27 11:50:36,014 - INFO - Epoch [36/100] (21090) train_mae: 1.3615, val_mae: 1.6317 lr:0.000100 269.2s
2019-06-27 11:50:36,043 - INFO - Val loss decrease from 1.6322 to 1.6317, saving to data/model/dcrnn_DR_2_h_12_64-64_lr_0.01_bs_64_0627090135/models-1.6317-21090
2019-06-27 11:55:05,104 - INFO - Epoch [37/100] (21660) train_mae: 1.3835, val_mae: 1.6289 lr:0.000100 269.1s
2019-06-27 11:55:05,131 - INFO - Val loss decrease from 1.6317 to 1.6289, saving to data/model/dcrnn_DR_2_h_12_64-64_lr_0.01_bs_64_0627090135/models-1.6289-21660
2019-06-27 11:59:35,205 - INFO - Epoch [38/100] (22230) train_mae: 1.3932, val_mae: 1.6300 lr:0.000100 270.1s
2019-06-27 12:04:05,369 - INFO - Epoch [39/100] (22800) train_mae: 1.4111, val_mae: 1.6277 lr:0.000100 270.2s
2019-06-27 12:04:43,233 - INFO - Horizon 01, MAE: 0.85, MAPE: 0.0163, RMSE: 1.54
2019-06-27 12:04:43,498 - INFO - Horizon 02, MAE: 1.12, MAPE: 0.0226, RMSE: 2.22
2019-06-27 12:04:43,768 - INFO - Horizon 03, MAE: 1.31, MAPE: 0.0275, RMSE: 2.76
2019-06-27 12:04:44,033 - INFO - Horizon 04, MAE: 1.45, MAPE: 0.0315, RMSE: 3.19
2019-06-27 12:04:44,289 - INFO - Horizon 05, MAE: 1.57, MAPE: 0.0348, RMSE: 3.52
2019-06-27 12:04:44,545 - INFO - Horizon 06, MAE: 1.66, MAPE: 0.0375, RMSE: 3.78
2019-06-27 12:04:44,802 - INFO - Horizon 07, MAE: 1.73, MAPE: 0.0399, RMSE: 3.99
2019-06-27 12:04:45,056 - INFO - Horizon 08, MAE: 1.79, MAPE: 0.0420, RMSE: 4.16
2019-06-27 12:04:45,316 - INFO - Horizon 09, MAE: 1.85, MAPE: 0.0438, RMSE: 4.31
2019-06-27 12:04:45,572 - INFO - Horizon 10, MAE: 1.89, MAPE: 0.0454, RMSE: 4.43
2019-06-27 12:04:45,832 - INFO - Horizon 11, MAE: 1.93, MAPE: 0.0466, RMSE: 4.53
2019-06-27 12:04:46,085 - INFO - Horizon 12, MAE: 1.97, MAPE: 0.0477, RMSE: 4.61
2019-06-27 12:04:46,132 - INFO - Val loss decrease from 1.6289 to 1.6277, saving to data/model/dcrnn_DR_2_h_12_64-64_lr_0.01_bs_64_0627090135/models-1.6277-22800
2019-06-27 12:09:16,051 - INFO - Epoch [40/100] (23370) train_mae: 1.4109, val_mae: 1.6247 lr:0.000010 269.9s
2019-06-27 12:09:16,076 - INFO - Val loss decrease from 1.6277 to 1.6247, saving to data/model/dcrnn_DR_2_h_12_64-64_lr_0.01_bs_64_0627090135/models-1.6247-23370
2019-06-27 12:13:45,775 - INFO - Epoch [41/100] (23940) train_mae: 1.4155, val_mae: 1.6246 lr:0.000010 269.7s
2019-06-27 12:13:45,807 - INFO - Val loss decrease from 1.6247 to 1.6246, saving to data/model/dcrnn_DR_2_h_12_64-64_lr_0.01_bs_64_0627090135/models-1.6246-23940
2019-06-27 12:18:15,275 - INFO - Epoch [42/100] (24510) train_mae: 1.4180, val_mae: 1.6248 lr:0.000010 269.5s
2019-06-27 12:22:44,751 - INFO - Epoch [43/100] (25080) train_mae: 1.4219, val_mae: 1.6249 lr:0.000010 269.5s
2019-06-27 12:27:13,981 - INFO - Epoch [44/100] (25650) train_mae: 1.4254, val_mae: 1.6247 lr:0.000010 269.2s
2019-06-27 12:31:43,087 - INFO - Epoch [45/100] (26220) train_mae: 1.4268, val_mae: 1.6249 lr:0.000010 269.1s
2019-06-27 12:36:12,507 - INFO - Epoch [46/100] (26790) train_mae: 1.4271, val_mae: 1.6251 lr:0.000010 269.4s
2019-06-27 12:40:41,896 - INFO - Epoch [47/100] (27360) train_mae: 1.4291, val_mae: 1.6250 lr:0.000010 269.4s
2019-06-27 12:45:11,419 - INFO - Epoch [48/100] (27930) train_mae: 1.4295, val_mae: 1.6250 lr:0.000010 269.5s
2019-06-27 12:49:41,033 - INFO - Epoch [49/100] (28500) train_mae: 1.4315, val_mae: 1.6251 lr:0.000010 269.6s
2019-06-27 12:50:18,790 - INFO - Horizon 01, MAE: 0.85, MAPE: 0.0163, RMSE: 1.54
2019-06-27 12:50:19,048 - INFO - Horizon 02, MAE: 1.12, MAPE: 0.0226, RMSE: 2.23
2019-06-27 12:50:19,303 - INFO - Horizon 03, MAE: 1.31, MAPE: 0.0274, RMSE: 2.77
2019-06-27 12:50:19,561 - INFO - Horizon 04, MAE: 1.46, MAPE: 0.0314, RMSE: 3.20
2019-06-27 12:50:19,819 - INFO - Horizon 05, MAE: 1.57, MAPE: 0.0347, RMSE: 3.53
2019-06-27 12:50:20,076 - INFO - Horizon 06, MAE: 1.66, MAPE: 0.0375, RMSE: 3.79
2019-06-27 12:50:20,335 - INFO - Horizon 07, MAE: 1.73, MAPE: 0.0398, RMSE: 4.01
2019-06-27 12:50:20,592 - INFO - Horizon 08, MAE: 1.80, MAPE: 0.0419, RMSE: 4.18
2019-06-27 12:50:20,849 - INFO - Horizon 09, MAE: 1.85, MAPE: 0.0437, RMSE: 4.33
2019-06-27 12:50:21,103 - INFO - Horizon 10, MAE: 1.90, MAPE: 0.0451, RMSE: 4.45
2019-06-27 12:50:21,355 - INFO - Horizon 11, MAE: 1.94, MAPE: 0.0464, RMSE: 4.55
2019-06-27 12:50:21,595 - INFO - Horizon 12, MAE: 1.97, MAPE: 0.0474, RMSE: 4.64
2019-06-27 12:54:51,353 - INFO - Epoch [50/100] (29070) train_mae: 1.4310, val_mae: 1.6242 lr:0.000002 269.7s
2019-06-27 12:54:51,379 - INFO - Val loss decrease from 1.6246 to 1.6242, saving to data/model/dcrnn_DR_2_h_12_64-64_lr_0.01_bs_64_0627090135/models-1.6242-29070
2019-06-27 12:59:21,280 - INFO - Epoch [51/100] (29640) train_mae: 1.4296, val_mae: 1.6242 lr:0.000002 269.9s
2019-06-27 12:59:21,312 - INFO - Val loss decrease from 1.6242 to 1.6242, saving to data/model/dcrnn_DR_2_h_12_64-64_lr_0.01_bs_64_0627090135/models-1.6242-29640
2019-06-27 13:03:50,862 - INFO - Epoch [52/100] (30210) train_mae: 1.4311, val_mae: 1.6242 lr:0.000002 269.5s
2019-06-27 13:08:20,314 - INFO - Epoch [53/100] (30780) train_mae: 1.4314, val_mae: 1.6243 lr:0.000002 269.4s
2019-06-27 13:12:49,568 - INFO - Epoch [54/100] (31350) train_mae: 1.4318, val_mae: 1.6243 lr:0.000002 269.3s
2019-06-27 13:17:18,959 - INFO - Epoch [55/100] (31920) train_mae: 1.4320, val_mae: 1.6243 lr:0.000002 269.4s
2019-06-27 13:21:48,086 - INFO - Epoch [56/100] (32490) train_mae: 1.4322, val_mae: 1.6243 lr:0.000002 269.1s
2019-06-27 13:26:17,504 - INFO - Epoch [57/100] (33060) train_mae: 1.4321, val_mae: 1.6243 lr:0.000002 269.4s
2019-06-27 13:30:47,140 - INFO - Epoch [58/100] (33630) train_mae: 1.4318, val_mae: 1.6243 lr:0.000002 269.6s
2019-06-27 13:35:16,607 - INFO - Epoch [59/100] (34200) train_mae: 1.4316, val_mae: 1.6243 lr:0.000002 269.5s
2019-06-27 13:35:54,585 - INFO - Horizon 01, MAE: 0.85, MAPE: 0.0163, RMSE: 1.54
2019-06-27 13:35:54,841 - INFO - Horizon 02, MAE: 1.12, MAPE: 0.0226, RMSE: 2.23
2019-06-27 13:35:55,090 - INFO - Horizon 03, MAE: 1.31, MAPE: 0.0274, RMSE: 2.77
2019-06-27 13:35:55,338 - INFO - Horizon 04, MAE: 1.46, MAPE: 0.0314, RMSE: 3.20
2019-06-27 13:35:55,595 - INFO - Horizon 05, MAE: 1.57, MAPE: 0.0347, RMSE: 3.53
2019-06-27 13:35:55,853 - INFO - Horizon 06, MAE: 1.66, MAPE: 0.0375, RMSE: 3.79
2019-06-27 13:35:56,108 - INFO - Horizon 07, MAE: 1.73, MAPE: 0.0398, RMSE: 4.00
2019-06-27 13:35:56,356 - INFO - Horizon 08, MAE: 1.80, MAPE: 0.0419, RMSE: 4.18
2019-06-27 13:35:56,610 - INFO - Horizon 09, MAE: 1.85, MAPE: 0.0436, RMSE: 4.33
2019-06-27 13:35:56,864 - INFO - Horizon 10, MAE: 1.90, MAPE: 0.0451, RMSE: 4.45
2019-06-27 13:35:57,119 - INFO - Horizon 11, MAE: 1.94, MAPE: 0.0463, RMSE: 4.55
2019-06-27 13:35:57,366 - INFO - Horizon 12, MAE: 1.97, MAPE: 0.0474, RMSE: 4.63
2019-06-27 13:40:27,230 - INFO - Epoch [60/100] (34770) train_mae: 1.4316, val_mae: 1.6243 lr:0.000002 269.8s
2019-06-27 13:44:56,661 - INFO - Epoch [61/100] (35340) train_mae: 1.4318, val_mae: 1.6243 lr:0.000002 269.4s
2019-06-27 13:49:26,190 - INFO - Epoch [62/100] (35910) train_mae: 1.4318, val_mae: 1.6243 lr:0.000002 269.5s
2019-06-27 13:53:55,772 - INFO - Epoch [63/100] (36480) train_mae: 1.4317, val_mae: 1.6243 lr:0.000002 269.6s
2019-06-27 13:58:25,249 - INFO - Epoch [64/100] (37050) train_mae: 1.4316, val_mae: 1.6243 lr:0.000002 269.5s
2019-06-27 14:02:55,022 - INFO - Epoch [65/100] (37620) train_mae: 1.4316, val_mae: 1.6243 lr:0.000002 269.8s
2019-06-27 14:07:24,526 - INFO - Epoch [66/100] (38190) train_mae: 1.4315, val_mae: 1.6243 lr:0.000002 269.5s
2019-06-27 14:11:53,848 - INFO - Epoch [67/100] (38760) train_mae: 1.4315, val_mae: 1.6243 lr:0.000002 269.3s
2019-06-27 14:16:23,189 - INFO - Epoch [68/100] (39330) train_mae: 1.4314, val_mae: 1.6243 lr:0.000002 269.3s
2019-06-27 14:20:52,837 - INFO - Epoch [69/100] (39900) train_mae: 1.4313, val_mae: 1.6244 lr:0.000002 269.6s
2019-06-27 14:21:30,739 - INFO - Horizon 01, MAE: 0.85, MAPE: 0.0163, RMSE: 1.54
2019-06-27 14:21:31,000 - INFO - Horizon 02, MAE: 1.12, MAPE: 0.0226, RMSE: 2.23
2019-06-27 14:21:31,260 - INFO - Horizon 03, MAE: 1.31, MAPE: 0.0274, RMSE: 2.77
2019-06-27 14:21:31,518 - INFO - Horizon 04, MAE: 1.46, MAPE: 0.0314, RMSE: 3.20
2019-06-27 14:21:31,771 - INFO - Horizon 05, MAE: 1.57, MAPE: 0.0347, RMSE: 3.53
2019-06-27 14:21:32,026 - INFO - Horizon 06, MAE: 1.66, MAPE: 0.0375, RMSE: 3.79
2019-06-27 14:21:32,280 - INFO - Horizon 07, MAE: 1.73, MAPE: 0.0398, RMSE: 4.01
2019-06-27 14:21:32,534 - INFO - Horizon 08, MAE: 1.80, MAPE: 0.0419, RMSE: 4.18
2019-06-27 14:21:32,790 - INFO - Horizon 09, MAE: 1.85, MAPE: 0.0437, RMSE: 4.33
2019-06-27 14:21:33,044 - INFO - Horizon 10, MAE: 1.90, MAPE: 0.0451, RMSE: 4.45
2019-06-27 14:21:33,297 - INFO - Horizon 11, MAE: 1.94, MAPE: 0.0463, RMSE: 4.55
2019-06-27 14:21:33,542 - INFO - Horizon 12, MAE: 1.97, MAPE: 0.0474, RMSE: 4.64
2019-06-27 14:26:03,374 - INFO - Epoch [70/100] (40470) train_mae: 1.4313, val_mae: 1.6244 lr:0.000002 269.8s
2019-06-27 14:30:32,932 - INFO - Epoch [71/100] (41040) train_mae: 1.4312, val_mae: 1.6244 lr:0.000002 269.6s
2019-06-27 14:35:02,697 - INFO - Epoch [72/100] (41610) train_mae: 1.4308, val_mae: 1.6244 lr:0.000002 269.8s
2019-06-27 14:39:32,754 - INFO - Epoch [73/100] (42180) train_mae: 1.4308, val_mae: 1.6244 lr:0.000002 270.1s
2019-06-27 14:44:02,416 - INFO - Epoch [74/100] (42750) train_mae: 1.4310, val_mae: 1.6244 lr:0.000002 269.7s
2019-06-27 14:48:32,145 - INFO - Epoch [75/100] (43320) train_mae: 1.4310, val_mae: 1.6244 lr:0.000002 269.7s
2019-06-27 14:53:01,865 - INFO - Epoch [76/100] (43890) train_mae: 1.4309, val_mae: 1.6244 lr:0.000002 269.7s
2019-06-27 14:57:31,587 - INFO - Epoch [77/100] (44460) train_mae: 1.4308, val_mae: 1.6244 lr:0.000002 269.7s
2019-06-27 15:02:01,218 - INFO - Epoch [78/100] (45030) train_mae: 1.4308, val_mae: 1.6244 lr:0.000002 269.6s
2019-06-27 15:06:30,906 - INFO - Epoch [79/100] (45600) train_mae: 1.4307, val_mae: 1.6244 lr:0.000002 269.7s
2019-06-27 15:07:08,777 - INFO - Horizon 01, MAE: 0.85, MAPE: 0.0163, RMSE: 1.54
2019-06-27 15:07:09,039 - INFO - Horizon 02, MAE: 1.12, MAPE: 0.0226, RMSE: 2.23
2019-06-27 15:07:09,298 - INFO - Horizon 03, MAE: 1.31, MAPE: 0.0274, RMSE: 2.77
2019-06-27 15:07:09,555 - INFO - Horizon 04, MAE: 1.46, MAPE: 0.0314, RMSE: 3.20
2019-06-27 15:07:09,807 - INFO - Horizon 05, MAE: 1.57, MAPE: 0.0347, RMSE: 3.53
2019-06-27 15:07:10,065 - INFO - Horizon 06, MAE: 1.66, MAPE: 0.0375, RMSE: 3.79
2019-06-27 15:07:10,312 - INFO - Horizon 07, MAE: 1.73, MAPE: 0.0399, RMSE: 4.01
2019-06-27 15:07:10,563 - INFO - Horizon 08, MAE: 1.80, MAPE: 0.0419, RMSE: 4.18
2019-06-27 15:07:10,811 - INFO - Horizon 09, MAE: 1.85, MAPE: 0.0437, RMSE: 4.33
2019-06-27 15:07:11,061 - INFO - Horizon 10, MAE: 1.90, MAPE: 0.0451, RMSE: 4.45
2019-06-27 15:07:11,315 - INFO - Horizon 11, MAE: 1.94, MAPE: 0.0464, RMSE: 4.55
2019-06-27 15:07:11,564 - INFO - Horizon 12, MAE: 1.97, MAPE: 0.0474, RMSE: 4.64
2019-06-27 15:11:41,510 - INFO - Epoch [80/100] (46170) train_mae: 1.4307, val_mae: 1.6244 lr:0.000002 269.9s
2019-06-27 15:16:11,215 - INFO - Epoch [81/100] (46740) train_mae: 1.4306, val_mae: 1.6244 lr:0.000002 269.7s
2019-06-27 15:20:41,086 - INFO - Epoch [82/100] (47310) train_mae: 1.4305, val_mae: 1.6244 lr:0.000002 269.9s
2019-06-27 15:25:10,829 - INFO - Epoch [83/100] (47880) train_mae: 1.4305, val_mae: 1.6244 lr:0.000002 269.7s
2019-06-27 15:29:40,597 - INFO - Epoch [84/100] (48450) train_mae: 1.4304, val_mae: 1.6244 lr:0.000002 269.8s
2019-06-27 15:34:10,303 - INFO - Epoch [85/100] (49020) train_mae: 1.4304, val_mae: 1.6244 lr:0.000002 269.7s
2019-06-27 15:38:39,953 - INFO - Epoch [86/100] (49590) train_mae: 1.4303, val_mae: 1.6244 lr:0.000002 269.6s
2019-06-27 15:43:09,990 - INFO - Epoch [87/100] (50160) train_mae: 1.4302, val_mae: 1.6244 lr:0.000002 270.0s
2019-06-27 15:47:39,950 - INFO - Epoch [88/100] (50730) train_mae: 1.4302, val_mae: 1.6244 lr:0.000002 270.0s
2019-06-27 15:52:09,991 - INFO - Epoch [89/100] (51300) train_mae: 1.4301, val_mae: 1.6244 lr:0.000002 270.0s
2019-06-27 15:52:48,046 - INFO - Horizon 01, MAE: 0.85, MAPE: 0.0163, RMSE: 1.54
2019-06-27 15:52:48,302 - INFO - Horizon 02, MAE: 1.12, MAPE: 0.0226, RMSE: 2.23
2019-06-27 15:52:48,556 - INFO - Horizon 03, MAE: 1.31, MAPE: 0.0274, RMSE: 2.77
2019-06-27 15:52:48,812 - INFO - Horizon 04, MAE: 1.46, MAPE: 0.0314, RMSE: 3.20
2019-06-27 15:52:49,068 - INFO - Horizon 05, MAE: 1.57, MAPE: 0.0347, RMSE: 3.53
2019-06-27 15:52:49,320 - INFO - Horizon 06, MAE: 1.66, MAPE: 0.0375, RMSE: 3.79
2019-06-27 15:52:49,565 - INFO - Horizon 07, MAE: 1.73, MAPE: 0.0399, RMSE: 4.01
2019-06-27 15:52:49,822 - INFO - Horizon 08, MAE: 1.80, MAPE: 0.0419, RMSE: 4.19
2019-06-27 15:52:50,079 - INFO - Horizon 09, MAE: 1.85, MAPE: 0.0437, RMSE: 4.33
2019-06-27 15:52:50,335 - INFO - Horizon 10, MAE: 1.90, MAPE: 0.0452, RMSE: 4.45
2019-06-27 15:52:50,588 - INFO - Horizon 11, MAE: 1.94, MAPE: 0.0464, RMSE: 4.55
2019-06-27 15:52:50,837 - INFO - Horizon 12, MAE: 1.98, MAPE: 0.0474, RMSE: 4.64
2019-06-27 15:57:20,619 - INFO - Epoch [90/100] (51870) train_mae: 1.4301, val_mae: 1.6244 lr:0.000002 269.8s
2019-06-27 16:01:50,438 - INFO - Epoch [91/100] (52440) train_mae: 1.4300, val_mae: 1.6244 lr:0.000002 269.8s
2019-06-27 16:06:20,051 - INFO - Epoch [92/100] (53010) train_mae: 1.4299, val_mae: 1.6244 lr:0.000002 269.6s
2019-06-27 16:10:50,026 - INFO - Epoch [93/100] (53580) train_mae: 1.4299, val_mae: 1.6244 lr:0.000002 270.0s
2019-06-27 16:15:19,544 - INFO - Epoch [94/100] (54150) train_mae: 1.4298, val_mae: 1.6245 lr:0.000002 269.5s
2019-06-27 16:19:49,195 - INFO - Epoch [95/100] (54720) train_mae: 1.4298, val_mae: 1.6245 lr:0.000002 269.6s
2019-06-27 16:24:19,316 - INFO - Epoch [96/100] (55290) train_mae: 1.4297, val_mae: 1.6245 lr:0.000002 270.1s
2019-06-27 16:28:48,665 - INFO - Epoch [97/100] (55860) train_mae: 1.4296, val_mae: 1.6245 lr:0.000002 269.3s
2019-06-27 16:33:18,471 - INFO - Epoch [98/100] (56430) train_mae: 1.4296, val_mae: 1.6245 lr:0.000002 269.8s
2019-06-27 16:37:48,193 - INFO - Epoch [99/100] (57000) train_mae: 1.4295, val_mae: 1.6245 lr:0.000002 269.7s
2019-06-27 16:38:26,213 - INFO - Horizon 01, MAE: 0.85, MAPE: 0.0163, RMSE: 1.54
2019-06-27 16:38:26,469 - INFO - Horizon 02, MAE: 1.12, MAPE: 0.0226, RMSE: 2.23
2019-06-27 16:38:26,724 - INFO - Horizon 03, MAE: 1.31, MAPE: 0.0274, RMSE: 2.77
2019-06-27 16:38:26,970 - INFO - Horizon 04, MAE: 1.46, MAPE: 0.0315, RMSE: 3.20
2019-06-27 16:38:27,218 - INFO - Horizon 05, MAE: 1.57, MAPE: 0.0347, RMSE: 3.53
2019-06-27 16:38:27,471 - INFO - Horizon 06, MAE: 1.66, MAPE: 0.0375, RMSE: 3.79
2019-06-27 16:38:27,718 - INFO - Horizon 07, MAE: 1.73, MAPE: 0.0399, RMSE: 4.01
2019-06-27 16:38:27,969 - INFO - Horizon 08, MAE: 1.80, MAPE: 0.0420, RMSE: 4.19
2019-06-27 16:38:28,225 - INFO - Horizon 09, MAE: 1.85, MAPE: 0.0437, RMSE: 4.33
2019-06-27 16:38:28,480 - INFO - Horizon 10, MAE: 1.90, MAPE: 0.0452, RMSE: 4.45
2019-06-27 16:38:28,736 - INFO - Horizon 11, MAE: 1.94, MAPE: 0.0464, RMSE: 4.55
2019-06-27 16:38:28,978 - INFO - Horizon 12, MAE: 1.98, MAPE: 0.0474, RMSE: 4.64
2019-06-27 16:42:59,258 - INFO - Epoch [100/100] (57570) train_mae: 1.4295, val_mae: 1.6245 lr:0.000002 270.3s
